<?xml version="1.0" encoding="UTF-8"?>
<testng-results ignored="0" total="0" passed="0" failed="0" skipped="0">
  <reporter-output>
  </reporter-output>
  <suite started-at="2026-09-22T19:41:45 CDT" name="Playwright Suite" finished-at="2026-09-22T19:41:45 CDT" duration-ms="5">
    <groups>
    </groups>
    <test started-at="2026-09-22T19:41:45 CDT" name="LoginTest" finished-at="2026-09-22T19:41:45 CDT" duration-ms="5">
    </test> <!-- LoginTest -->
  </suite> <!-- Playwright Suite -->
</testng-results>
