<?xml version="1.0" encoding="UTF-8"?>
<!-- Generated by org.testng.reporters.JUnitReportReporter -->
<testsuite hostname="Kiran_Lenovo" failures="0" tests="1" name="tests.TextBoxTest" time="12.856" errors="1" timestamp="2026-09-22T20:22:18 CDT" skipped="0">
  <testcase classname="tests.TextBoxTest" name="testboxTest" time="12.856">
    <error message="Error {
  message=&#039;Error: strict mode violation: locator(&quot;#submit&quot;) resolved to 4 elements:
    1) &lt;button id=&quot;submit&quot; type=&quot;button&quot; class=&quot;btn btn-primary&quot;&gt;Logout&lt;/button&gt; aka getByRole(AriaRole.BUTTON, new Page.GetByRoleOptions().setName(&quot;Logout&quot;))
    2) &lt;button id=&quot;submit&quot; type=&quot;button&quot; class=&quot;btn btn-primary&quot;&gt;Delete Account&lt;/button&gt; aka getByRole(AriaRole.BUTTON, new Page.GetByRoleOptions().setName(&quot;Delete Account&quot;))
    3) &lt;button id=&quot;submit&quot; type=&quot;button&quot; class=&quot;btn btn-primary&quot;&gt;Delete All Books&lt;/button&gt; aka getByRole(AriaRole.BUTTON, new Page.GetByRoleOptions().setName(&quot;Delete All Books&quot;))
    4) &lt;button id=&quot;submit&quot; type=&quot;button&quot; class=&quot;btn btn-primary&quot;&gt;Delete All Books&lt;/button&gt; aka getByText(&quot;Delete All Books&quot;).nth(1)

  name=&#039;Error
  stack=&#039;Error: Error: strict mode violation: locator(&quot;#submit&quot;) resolved to 4 elements:
    1) &lt;button id=&quot;submit&quot; type=&quot;button&quot; class=&quot;btn btn-primary&quot;&gt;Logout&lt;/button&gt; aka getByRole(AriaRole.BUTTON, new Page.GetByRoleOptions().setName(&quot;Logout&quot;))
    2) &lt;button id=&quot;submit&quot; type=&quot;button&quot; class=&quot;btn btn-primary&quot;&gt;Delete Account&lt;/button&gt; aka getByRole(AriaRole.BUTTON, new Page.GetByRoleOptions().setName(&quot;Delete Account&quot;))
    3) &lt;button id=&quot;submit&quot; type=&quot;button&quot; class=&quot;btn btn-primary&quot;&gt;Delete All Books&lt;/button&gt; aka getByRole(AriaRole.BUTTON, new Page.GetByRoleOptions().setName(&quot;Delete All Books&quot;))
    4) &lt;button id=&quot;submit&quot; type=&quot;button&quot; class=&quot;btn btn-primary&quot;&gt;Delete All Books&lt;/button&gt; aka getByText(&quot;Delete All Books&quot;).nth(1)

    at CRExecutionContext.evaluateWithArguments (C:\Users\ksiva\AppData\Local\Temp\playwright-java-13242413413439234148\package\lib\server\chromium\crExecutionContext.js:80:13)
    at async LongStandingScope._race (C:\Users\ksiva\AppData\Local\Temp\playwright-java-13242413413439234148\package\lib\utils\isomorphic\manualPromise.js:94:14)
    at async evaluateExpression (C:\Users\ksiva\AppData\Local\Temp\playwright-java-13242413413439234148\package\lib\server\javascript.js:217:12)
    at async C:\Users\ksiva\AppData\Local\Temp\playwright-java-13242413413439234148\package\lib\server\frames.js:901:22
    at async Frame.retryWithProgressAndTimeouts (C:\Users\ksiva\AppData\Local\Temp\playwright-java-13242413413439234148\package\lib\server\frames.js:871:24)
    at async Frame.click (C:\Users\ksiva\AppData\Local\Temp\playwright-java-13242413413439234148\package\lib\server\frames.js:944:27)
    at async FrameDispatcher.click (C:\Users\ksiva\AppData\Local\Temp\playwright-java-13242413413439234148\package\lib\server\dispatchers\frameDispatcher.js:117:12)
    at async ProgressController.run (C:\Users\ksiva\AppData\Local\Temp\playwright-java-13242413413439234148\package\lib\server\progress.js:139:41)
    at async FrameDispatcher._runCommand (C:\Users\ksiva\AppData\Local\Temp\playwright-java-13242413413439234148\package\lib\server\dispatchers\dispatcher.js:91:14)
    at async DispatcherConnection.dispatch (C:\Users\ksiva\AppData\Local\Temp\playwright-java-13242413413439234148\package\lib\server\dispatchers\dispatcher.js:322:22)
}
Call log:
-   - waiting for locator(&quot;#submit&quot;)
" type="com.microsoft.playwright.PlaywrightException">
      <![CDATA[com.microsoft.playwright.PlaywrightException: Error {
  message='Error: strict mode violation: locator("#submit") resolved to 4 elements:
    1) <button id="submit" type="button" class="btn btn-primary">Logout</button> aka getByRole(AriaRole.BUTTON, new Page.GetByRoleOptions().setName("Logout"))
    2) <button id="submit" type="button" class="btn btn-primary">Delete Account</button> aka getByRole(AriaRole.BUTTON, new Page.GetByRoleOptions().setName("Delete Account"))
    3) <button id="submit" type="button" class="btn btn-primary">Delete All Books</button> aka getByRole(AriaRole.BUTTON, new Page.GetByRoleOptions().setName("Delete All Books"))
    4) <button id="submit" type="button" class="btn btn-primary">Delete All Books</button> aka getByText("Delete All Books").nth(1)

  name='Error
  stack='Error: Error: strict mode violation: locator("#submit") resolved to 4 elements:
    1) <button id="submit" type="button" class="btn btn-primary">Logout</button> aka getByRole(AriaRole.BUTTON, new Page.GetByRoleOptions().setName("Logout"))
    2) <button id="submit" type="button" class="btn btn-primary">Delete Account</button> aka getByRole(AriaRole.BUTTON, new Page.GetByRoleOptions().setName("Delete Account"))
    3) <button id="submit" type="button" class="btn btn-primary">Delete All Books</button> aka getByRole(AriaRole.BUTTON, new Page.GetByRoleOptions().setName("Delete All Books"))
    4) <button id="submit" type="button" class="btn btn-primary">Delete All Books</button> aka getByText("Delete All Books").nth(1)

    at CRExecutionContext.evaluateWithArguments (C:\Users\ksiva\AppData\Local\Temp\playwright-java-13242413413439234148\package\lib\server\chromium\crExecutionContext.js:80:13)
    at async LongStandingScope._race (C:\Users\ksiva\AppData\Local\Temp\playwright-java-13242413413439234148\package\lib\utils\isomorphic\manualPromise.js:94:14)
    at async evaluateExpression (C:\Users\ksiva\AppData\Local\Temp\playwright-java-13242413413439234148\package\lib\server\javascript.js:217:12)
    at async C:\Users\ksiva\AppData\Local\Temp\playwright-java-13242413413439234148\package\lib\server\frames.js:901:22
    at async Frame.retryWithProgressAndTimeouts (C:\Users\ksiva\AppData\Local\Temp\playwright-java-13242413413439234148\package\lib\server\frames.js:871:24)
    at async Frame.click (C:\Users\ksiva\AppData\Local\Temp\playwright-java-13242413413439234148\package\lib\server\frames.js:944:27)
    at async FrameDispatcher.click (C:\Users\ksiva\AppData\Local\Temp\playwright-java-13242413413439234148\package\lib\server\dispatchers\frameDispatcher.js:117:12)
    at async ProgressController.run (C:\Users\ksiva\AppData\Local\Temp\playwright-java-13242413413439234148\package\lib\server\progress.js:139:41)
    at async FrameDispatcher._runCommand (C:\Users\ksiva\AppData\Local\Temp\playwright-java-13242413413439234148\package\lib\server\dispatchers\dispatcher.js:91:14)
    at async DispatcherConnection.dispatch (C:\Users\ksiva\AppData\Local\Temp\playwright-java-13242413413439234148\package\lib\server\dispatchers\dispatcher.js:322:22)
}
Call log:
-   - waiting for locator("#submit")

at com.microsoft.playwright.impl.WaitableResult.get(WaitableResult.java:56)
at com.microsoft.playwright.impl.ChannelOwner.runUntil(ChannelOwner.java:138)
at com.microsoft.playwright.impl.Connection.sendMessage(Connection.java:131)
at com.microsoft.playwright.impl.ChannelOwner.sendMessage(ChannelOwner.java:124)
at com.microsoft.playwright.impl.FrameImpl.clickImpl(FrameImpl.java:241)
at com.microsoft.playwright.impl.FrameImpl.click(FrameImpl.java:232)
at com.microsoft.playwright.impl.LocatorImpl.click(LocatorImpl.java:164)
at com.microsoft.playwright.Locator.click(Locator.java:2500)
at pages.TextboxPage.submitbutton(TextboxPage.java:32)
at tests.TextBoxTest.testboxTest(TextBoxTest.java:28)
at java.base/jdk.internal.reflect.DirectMethodHandleAccessor.invoke(DirectMethodHandleAccessor.java:104)
at java.base/java.lang.reflect.Method.invoke(Method.java:565)
at org.testng.internal.invokers.MethodInvocationHelper.invokeMethod(MethodInvocationHelper.java:141)
at org.testng.internal.invokers.TestInvoker.invokeMethod(TestInvoker.java:687)
at org.testng.internal.invokers.TestInvoker.invokeTestMethod(TestInvoker.java:230)
at org.testng.internal.invokers.MethodRunner.runInSequence(MethodRunner.java:63)
at org.testng.internal.invokers.TestInvoker$MethodInvocationAgent.invoke(TestInvoker.java:995)
at org.testng.internal.invokers.TestInvoker.invokeTestMethods(TestInvoker.java:203)
at org.testng.internal.invokers.TestMethodWorker.invokeTestMethods(TestMethodWorker.java:154)
at org.testng.internal.invokers.TestMethodWorker.run(TestMethodWorker.java:134)
at java.base/java.util.ArrayList.forEach(ArrayList.java:1604)
at org.testng.TestRunner.privateRun(TestRunner.java:741)
at org.testng.TestRunner.run(TestRunner.java:616)
at org.testng.SuiteRunner.runTest(SuiteRunner.java:421)
at org.testng.SuiteRunner.runSequentially(SuiteRunner.java:413)
at org.testng.SuiteRunner.privateRun(SuiteRunner.java:373)
at org.testng.SuiteRunner.run(SuiteRunner.java:312)
at org.testng.SuiteRunnerWorker.runSuite(SuiteRunnerWorker.java:52)
at org.testng.SuiteRunnerWorker.run(SuiteRunnerWorker.java:95)
at org.testng.TestNG.runSuitesSequentially(TestNG.java:1274)
at org.testng.TestNG.runSuitesLocally(TestNG.java:1208)
at org.testng.TestNG.runSuites(TestNG.java:1112)
at org.testng.TestNG.run(TestNG.java:1079)
at org.apache.maven.surefire.testng.TestNGExecutor.run(TestNGExecutor.java:308)
at org.apache.maven.surefire.testng.TestNGXmlTestSuite.execute(TestNGXmlTestSuite.java:71)
at org.apache.maven.surefire.testng.TestNGProvider.invoke(TestNGProvider.java:113)
at org.apache.maven.surefire.booter.ForkedBooter.runSuitesInProcess(ForkedBooter.java:385)
at org.apache.maven.surefire.booter.ForkedBooter.execute(ForkedBooter.java:162)
at org.apache.maven.surefire.booter.ForkedBooter.run(ForkedBooter.java:507)
at org.apache.maven.surefire.booter.ForkedBooter.main(ForkedBooter.java:495)
Caused by: com.microsoft.playwright.impl.DriverException: Error {
  message='Error: strict mode violation: locator("#submit") resolved to 4 elements:
    1) <button id="submit" type="button" class="btn btn-primary">Logout</button> aka getByRole(AriaRole.BUTTON, new Page.GetByRoleOptions().setName("Logout"))
    2) <button id="submit" type="button" class="btn btn-primary">Delete Account</button> aka getByRole(AriaRole.BUTTON, new Page.GetByRoleOptions().setName("Delete Account"))
    3) <button id="submit" type="button" class="btn btn-primary">Delete All Books</button> aka getByRole(AriaRole.BUTTON, new Page.GetByRoleOptions().setName("Delete All Books"))
    4) <button id="submit" type="button" class="btn btn-primary">Delete All Books</button> aka getByText("Delete All Books").nth(1)

  name='Error
  stack='Error: Error: strict mode violation: locator("#submit") resolved to 4 elements:
    1) <button id="submit" type="button" class="btn btn-primary">Logout</button> aka getByRole(AriaRole.BUTTON, new Page.GetByRoleOptions().setName("Logout"))
    2) <button id="submit" type="button" class="btn btn-primary">Delete Account</button> aka getByRole(AriaRole.BUTTON, new Page.GetByRoleOptions().setName("Delete Account"))
    3) <button id="submit" type="button" class="btn btn-primary">Delete All Books</button> aka getByRole(AriaRole.BUTTON, new Page.GetByRoleOptions().setName("Delete All Books"))
    4) <button id="submit" type="button" class="btn btn-primary">Delete All Books</button> aka getByText("Delete All Books").nth(1)

    at CRExecutionContext.evaluateWithArguments (C:\Users\ksiva\AppData\Local\Temp\playwright-java-13242413413439234148\package\lib\server\chromium\crExecutionContext.js:80:13)
    at async LongStandingScope._race (C:\Users\ksiva\AppData\Local\Temp\playwright-java-13242413413439234148\package\lib\utils\isomorphic\manualPromise.js:94:14)
    at async evaluateExpression (C:\Users\ksiva\AppData\Local\Temp\playwright-java-13242413413439234148\package\lib\server\javascript.js:217:12)
    at async C:\Users\ksiva\AppData\Local\Temp\playwright-java-13242413413439234148\package\lib\server\frames.js:901:22
    at async Frame.retryWithProgressAndTimeouts (C:\Users\ksiva\AppData\Local\Temp\playwright-java-13242413413439234148\package\lib\server\frames.js:871:24)
    at async Frame.click (C:\Users\ksiva\AppData\Local\Temp\playwright-java-13242413413439234148\package\lib\server\frames.js:944:27)
    at async FrameDispatcher.click (C:\Users\ksiva\AppData\Local\Temp\playwright-java-13242413413439234148\package\lib\server\dispatchers\frameDispatcher.js:117:12)
    at async ProgressController.run (C:\Users\ksiva\AppData\Local\Temp\playwright-java-13242413413439234148\package\lib\server\progress.js:139:41)
    at async FrameDispatcher._runCommand (C:\Users\ksiva\AppData\Local\Temp\playwright-java-13242413413439234148\package\lib\server\dispatchers\dispatcher.js:91:14)
    at async DispatcherConnection.dispatch (C:\Users\ksiva\AppData\Local\Temp\playwright-java-13242413413439234148\package\lib\server\dispatchers\dispatcher.js:322:22)
}
Call log:
-   - waiting for locator("#submit")

at com.microsoft.playwright.impl.Connection.dispatch(Connection.java:262)
at com.microsoft.playwright.impl.Connection.processOneMessage(Connection.java:214)
at com.microsoft.playwright.impl.ChannelOwner.runUntil(ChannelOwner.java:136)
... 38 more
]]>
    </error>
  </testcase> <!-- testboxTest -->
</testsuite> <!-- tests.TextBoxTest -->
